
Gurobi 7.0.1 (linux64, Python) logging started Sat Nov 25 14:09:50 2017

Changed value of parameter TimeLimit to 120.0
   Prev: 1e+100  Min: 0.0  Max: 1e+100  Default: 1e+100
Optimize a model with 72 rows, 73 columns and 181 nonzeros
Model has 20 quadratic constraints
Variable types: 0 continuous, 73 integer (73 binary)
Coefficient statistics:
  Matrix range     [1e+00, 1e+00]
  QMatrix range    [1e+00, 1e+00]
  Objective range  [1e+00, 1e+00]
  Bounds range     [1e+00, 1e+00]
  RHS range        [1e+00, 3e+00]
Presolve removed 31 rows and 2 columns
Presolve time: 0.00s
Presolved: 131 rows, 106 columns, 384 nonzeros
Variable types: 0 continuous, 106 integer (106 binary)
Found heuristic solution: objective 1.0000000
Found heuristic solution: objective 2.0000000

Root relaxation: objective 1.241667e+01, 113 iterations, 0.00 seconds

    Nodes    |    Current Node    |     Objective Bounds      |     Work
 Expl Unexpl |  Obj  Depth IntInf | Incumbent    BestBd   Gap | It/Node Time

     0     0   12.41667    0   36    2.00000   12.41667   521%     -    0s
H    0     0                       5.0000000   12.41667   148%     -    0s
H    0     0                       8.0000000   12.41667  55.2%     -    0s
     0     0   10.75000    0   20    8.00000   10.75000  34.4%     -    0s
     0     0   10.10000    0   22    8.00000   10.10000  26.2%     -    0s
     0     0    9.50000    0   26    8.00000    9.50000  18.8%     -    0s
     0     0    9.00000    0   13    8.00000    9.00000  12.5%     -    0s
H    0     0                       9.0000000    9.00000  0.00%     -    0s

Cutting planes:
  Gomory: 3
  Cover: 28
  Clique: 36
  Zero half: 1

Explored 0 nodes (241 simplex iterations) in 0.06 seconds
Thread count was 4 (of 4 available processors)

Solution count 5: 9 8 5 ... 1
Pool objective bound 9

Optimal solution found (tolerance 1.00e-04)
Best objective 9.000000000000e+00, best bound 9.000000000000e+00, gap 0.0000%

Gurobi 7.0.1 (linux64, Python) logging started Sun Nov 26 00:03:53 2017


Gurobi 7.0.1 (linux64, Python) logging started Sun Nov 26 00:07:07 2017


Gurobi 7.0.1 (linux64, Python) logging started Sun Nov 26 00:08:33 2017


Gurobi 7.0.1 (linux64, Python) logging started Sun Nov 26 00:33:13 2017


Gurobi 7.0.1 (linux64, Python) logging started Sun Nov 26 01:24:45 2017

Changed value of parameter TimeLimit to 120.0
   Prev: 1e+100  Min: 0.0  Max: 1e+100  Default: 1e+100
Optimize a model with 72 rows, 73 columns and 181 nonzeros
Model has 20 quadratic constraints
Variable types: 0 continuous, 73 integer (73 binary)
Coefficient statistics:
  Matrix range     [1e+00, 1e+00]
  QMatrix range    [1e+00, 1e+00]
  Objective range  [1e+00, 1e+00]
  Bounds range     [1e+00, 1e+00]
  RHS range        [1e+00, 3e+00]
Presolve removed 31 rows and 2 columns
Presolve time: 0.09s
Presolved: 131 rows, 106 columns, 384 nonzeros
Variable types: 0 continuous, 106 integer (106 binary)
Found heuristic solution: objective 1.0000000
Found heuristic solution: objective 2.0000000

Root relaxation: objective 1.241667e+01, 113 iterations, 0.00 seconds

    Nodes    |    Current Node    |     Objective Bounds      |     Work
 Expl Unexpl |  Obj  Depth IntInf | Incumbent    BestBd   Gap | It/Node Time

     0     0   12.41667    0   36    2.00000   12.41667   521%     -    0s
H    0     0                       5.0000000   12.41667   148%     -    0s
H    0     0                       8.0000000   12.41667  55.2%     -    0s
     0     0   10.75000    0   20    8.00000   10.75000  34.4%     -    0s
     0     0   10.10000    0   22    8.00000   10.10000  26.2%     -    0s
     0     0    9.50000    0   26    8.00000    9.50000  18.8%     -    0s
     0     0    9.00000    0   13    8.00000    9.00000  12.5%     -    0s
H    0     0                       9.0000000    9.00000  0.00%     -    0s

Cutting planes:
  Gomory: 3
  Cover: 28
  Clique: 36
  Zero half: 1

Explored 0 nodes (241 simplex iterations) in 0.19 seconds
Thread count was 4 (of 4 available processors)

Solution count 5: 9 8 5 ... 1
Pool objective bound 9

Optimal solution found (tolerance 1.00e-04)
Best objective 9.000000000000e+00, best bound 9.000000000000e+00, gap 0.0000%

Gurobi 7.0.1 (linux64, Python) logging started Sun Nov 26 01:29:01 2017

Changed value of parameter TimeLimit to 120.0
   Prev: 1e+100  Min: 0.0  Max: 1e+100  Default: 1e+100

Gurobi 7.0.1 (linux64, Python) logging started Sun Nov 26 01:31:39 2017

Changed value of parameter TimeLimit to 120.0
   Prev: 1e+100  Min: 0.0  Max: 1e+100  Default: 1e+100

Gurobi 7.0.1 (linux64, Python) logging started Sun Nov 26 01:32:55 2017

Changed value of parameter TimeLimit to 120.0
   Prev: 1e+100  Min: 0.0  Max: 1e+100  Default: 1e+100

Gurobi 7.0.1 (linux64, Python) logging started Sun Nov 26 01:42:06 2017

Changed value of parameter TimeLimit to 120.0
   Prev: 1e+100  Min: 0.0  Max: 1e+100  Default: 1e+100

Gurobi 7.0.1 (linux64, Python) logging started Sun Nov 26 01:43:17 2017

Changed value of parameter TimeLimit to 120.0
   Prev: 1e+100  Min: 0.0  Max: 1e+100  Default: 1e+100

Gurobi 7.0.1 (linux64, Python) logging started Sun Nov 26 01:43:37 2017

Changed value of parameter TimeLimit to 120.0
   Prev: 1e+100  Min: 0.0  Max: 1e+100  Default: 1e+100

Gurobi 7.0.1 (linux64, Python) logging started Sun Nov 26 01:44:02 2017

Changed value of parameter TimeLimit to 120.0
   Prev: 1e+100  Min: 0.0  Max: 1e+100  Default: 1e+100

Gurobi 7.0.1 (linux64, Python) logging started Sun Nov 26 01:44:29 2017

Changed value of parameter TimeLimit to 120.0
   Prev: 1e+100  Min: 0.0  Max: 1e+100  Default: 1e+100

Gurobi 7.0.1 (linux64, Python) logging started Sun Nov 26 01:45:19 2017

Changed value of parameter TimeLimit to 120.0
   Prev: 1e+100  Min: 0.0  Max: 1e+100  Default: 1e+100

Gurobi 7.0.1 (linux64, Python) logging started Sun Nov 26 01:45:44 2017

Changed value of parameter TimeLimit to 120.0
   Prev: 1e+100  Min: 0.0  Max: 1e+100  Default: 1e+100

Gurobi 7.0.1 (linux64, Python) logging started Sun Nov 26 01:46:43 2017

Changed value of parameter TimeLimit to 120.0
   Prev: 1e+100  Min: 0.0  Max: 1e+100  Default: 1e+100

Gurobi 7.0.1 (linux64, Python) logging started Sun Nov 26 01:47:56 2017

Changed value of parameter TimeLimit to 120.0
   Prev: 1e+100  Min: 0.0  Max: 1e+100  Default: 1e+100

Gurobi 7.0.1 (linux64, Python) logging started Sun Nov 26 12:12:34 2017

Changed value of parameter TimeLimit to 120.0
   Prev: 1e+100  Min: 0.0  Max: 1e+100  Default: 1e+100

Gurobi 7.0.1 (linux64, Python) logging started Sun Nov 26 12:23:30 2017

Changed value of parameter TimeLimit to 120.0
   Prev: 1e+100  Min: 0.0  Max: 1e+100  Default: 1e+100

Gurobi 7.0.1 (linux64, Python) logging started Sun Nov 26 12:26:46 2017

Changed value of parameter TimeLimit to 120.0
   Prev: 1e+100  Min: 0.0  Max: 1e+100  Default: 1e+100

Gurobi 7.0.1 (linux64, Python) logging started Sun Nov 26 12:27:23 2017

Changed value of parameter TimeLimit to 120.0
   Prev: 1e+100  Min: 0.0  Max: 1e+100  Default: 1e+100

Gurobi 7.0.1 (linux64, Python) logging started Sun Nov 26 12:27:58 2017

Changed value of parameter TimeLimit to 120.0
   Prev: 1e+100  Min: 0.0  Max: 1e+100  Default: 1e+100

Gurobi 7.0.1 (linux64, Python) logging started Sun Nov 26 12:29:21 2017

Changed value of parameter TimeLimit to 120.0
   Prev: 1e+100  Min: 0.0  Max: 1e+100  Default: 1e+100

Gurobi 7.0.1 (linux64, Python) logging started Sun Nov 26 12:32:22 2017

Changed value of parameter TimeLimit to 120.0
   Prev: 1e+100  Min: 0.0  Max: 1e+100  Default: 1e+100

Gurobi 7.0.1 (linux64, Python) logging started Sun Nov 26 12:32:41 2017

Changed value of parameter TimeLimit to 120.0
   Prev: 1e+100  Min: 0.0  Max: 1e+100  Default: 1e+100

Gurobi 7.0.1 (linux64, Python) logging started Sun Nov 26 12:33:26 2017

Changed value of parameter TimeLimit to 120.0
   Prev: 1e+100  Min: 0.0  Max: 1e+100  Default: 1e+100

Gurobi 7.0.1 (linux64, Python) logging started Sun Nov 26 12:34:25 2017

Changed value of parameter TimeLimit to 120.0
   Prev: 1e+100  Min: 0.0  Max: 1e+100  Default: 1e+100

Gurobi 7.0.1 (linux64, Python) logging started Sun Nov 26 12:35:23 2017

Changed value of parameter TimeLimit to 120.0
   Prev: 1e+100  Min: 0.0  Max: 1e+100  Default: 1e+100

Gurobi 7.0.1 (linux64, Python) logging started Sun Nov 26 12:36:58 2017

Changed value of parameter TimeLimit to 120.0
   Prev: 1e+100  Min: 0.0  Max: 1e+100  Default: 1e+100

Gurobi 7.0.1 (linux64, Python) logging started Sun Nov 26 12:37:26 2017

Changed value of parameter TimeLimit to 120.0
   Prev: 1e+100  Min: 0.0  Max: 1e+100  Default: 1e+100

Gurobi 7.0.1 (linux64, Python) logging started Sun Nov 26 12:37:55 2017

Changed value of parameter TimeLimit to 120.0
   Prev: 1e+100  Min: 0.0  Max: 1e+100  Default: 1e+100

Gurobi 7.0.1 (linux64, Python) logging started Sun Nov 26 12:38:39 2017

Changed value of parameter TimeLimit to 120.0
   Prev: 1e+100  Min: 0.0  Max: 1e+100  Default: 1e+100

Gurobi 7.0.1 (linux64, Python) logging started Sun Nov 26 12:39:15 2017

Changed value of parameter TimeLimit to 120.0
   Prev: 1e+100  Min: 0.0  Max: 1e+100  Default: 1e+100

Gurobi 7.0.1 (linux64, Python) logging started Sun Nov 26 12:40:08 2017

Changed value of parameter TimeLimit to 120.0
   Prev: 1e+100  Min: 0.0  Max: 1e+100  Default: 1e+100

Gurobi 7.0.1 (linux64, Python) logging started Sun Nov 26 12:40:35 2017

Changed value of parameter TimeLimit to 120.0
   Prev: 1e+100  Min: 0.0  Max: 1e+100  Default: 1e+100

Gurobi 7.0.1 (linux64, Python) logging started Sun Nov 26 12:41:00 2017

Changed value of parameter TimeLimit to 120.0
   Prev: 1e+100  Min: 0.0  Max: 1e+100  Default: 1e+100

Gurobi 7.0.1 (linux64, Python) logging started Sun Nov 26 12:45:54 2017

Changed value of parameter TimeLimit to 120.0
   Prev: 1e+100  Min: 0.0  Max: 1e+100  Default: 1e+100

Gurobi 7.0.1 (linux64, Python) logging started Sun Nov 26 12:46:36 2017

Changed value of parameter TimeLimit to 120.0
   Prev: 1e+100  Min: 0.0  Max: 1e+100  Default: 1e+100

Gurobi 7.0.1 (linux64, Python) logging started Sun Nov 26 12:48:55 2017

Changed value of parameter TimeLimit to 120.0
   Prev: 1e+100  Min: 0.0  Max: 1e+100  Default: 1e+100

Gurobi 7.0.1 (linux64, Python) logging started Sun Nov 26 12:50:10 2017

Changed value of parameter TimeLimit to 120.0
   Prev: 1e+100  Min: 0.0  Max: 1e+100  Default: 1e+100

Gurobi 7.0.1 (linux64, Python) logging started Sun Nov 26 12:51:45 2017

Changed value of parameter TimeLimit to 120.0
   Prev: 1e+100  Min: 0.0  Max: 1e+100  Default: 1e+100

Gurobi 7.0.1 (linux64, Python) logging started Sun Nov 26 12:52:01 2017

Changed value of parameter TimeLimit to 120.0
   Prev: 1e+100  Min: 0.0  Max: 1e+100  Default: 1e+100

Gurobi 7.0.1 (linux64, Python) logging started Sun Nov 26 12:53:15 2017

Changed value of parameter TimeLimit to 120.0
   Prev: 1e+100  Min: 0.0  Max: 1e+100  Default: 1e+100

Gurobi 7.0.1 (linux64, Python) logging started Sun Nov 26 12:53:37 2017

Changed value of parameter TimeLimit to 120.0
   Prev: 1e+100  Min: 0.0  Max: 1e+100  Default: 1e+100

Gurobi 7.0.1 (linux64, Python) logging started Sun Nov 26 12:53:52 2017

Changed value of parameter TimeLimit to 120.0
   Prev: 1e+100  Min: 0.0  Max: 1e+100  Default: 1e+100

Gurobi 7.0.1 (linux64, Python) logging started Sun Nov 26 12:54:41 2017

Changed value of parameter TimeLimit to 120.0
   Prev: 1e+100  Min: 0.0  Max: 1e+100  Default: 1e+100

Gurobi 7.0.1 (linux64, Python) logging started Sun Nov 26 12:56:55 2017

Changed value of parameter TimeLimit to 120.0
   Prev: 1e+100  Min: 0.0  Max: 1e+100  Default: 1e+100

Gurobi 7.0.1 (linux64, Python) logging started Sun Nov 26 12:57:10 2017

Changed value of parameter TimeLimit to 120.0
   Prev: 1e+100  Min: 0.0  Max: 1e+100  Default: 1e+100

Gurobi 7.0.1 (linux64, Python) logging started Sun Nov 26 12:59:06 2017

Changed value of parameter TimeLimit to 120.0
   Prev: 1e+100  Min: 0.0  Max: 1e+100  Default: 1e+100

Gurobi 7.0.1 (linux64, Python) logging started Sun Nov 26 13:00:49 2017

Changed value of parameter TimeLimit to 120.0
   Prev: 1e+100  Min: 0.0  Max: 1e+100  Default: 1e+100

Gurobi 7.0.1 (linux64, Python) logging started Sun Nov 26 13:04:11 2017

Changed value of parameter TimeLimit to 120.0
   Prev: 1e+100  Min: 0.0  Max: 1e+100  Default: 1e+100

Gurobi 7.0.1 (linux64, Python) logging started Sun Nov 26 13:05:06 2017

Changed value of parameter TimeLimit to 120.0
   Prev: 1e+100  Min: 0.0  Max: 1e+100  Default: 1e+100

Gurobi 7.0.1 (linux64, Python) logging started Sun Nov 26 13:07:22 2017

Changed value of parameter TimeLimit to 120.0
   Prev: 1e+100  Min: 0.0  Max: 1e+100  Default: 1e+100

Gurobi 7.0.1 (linux64, Python) logging started Sun Nov 26 13:07:51 2017

Changed value of parameter TimeLimit to 120.0
   Prev: 1e+100  Min: 0.0  Max: 1e+100  Default: 1e+100

Gurobi 7.0.1 (linux64, Python) logging started Sun Nov 26 13:08:24 2017

Changed value of parameter TimeLimit to 120.0
   Prev: 1e+100  Min: 0.0  Max: 1e+100  Default: 1e+100

Gurobi 7.0.1 (linux64, Python) logging started Sun Nov 26 13:10:03 2017

Changed value of parameter TimeLimit to 120.0
   Prev: 1e+100  Min: 0.0  Max: 1e+100  Default: 1e+100

Gurobi 7.0.1 (linux64, Python) logging started Sun Nov 26 13:10:51 2017

Changed value of parameter TimeLimit to 120.0
   Prev: 1e+100  Min: 0.0  Max: 1e+100  Default: 1e+100

Gurobi 7.0.1 (linux64, Python) logging started Sun Nov 26 13:11:30 2017

Changed value of parameter TimeLimit to 120.0
   Prev: 1e+100  Min: 0.0  Max: 1e+100  Default: 1e+100

Gurobi 7.0.1 (linux64, Python) logging started Sun Nov 26 13:12:04 2017

Changed value of parameter TimeLimit to 120.0
   Prev: 1e+100  Min: 0.0  Max: 1e+100  Default: 1e+100

Gurobi 7.0.1 (linux64, Python) logging started Sun Nov 26 13:12:33 2017

Changed value of parameter TimeLimit to 120.0
   Prev: 1e+100  Min: 0.0  Max: 1e+100  Default: 1e+100

Gurobi 7.0.1 (linux64, Python) logging started Sun Nov 26 13:13:05 2017

Changed value of parameter TimeLimit to 120.0
   Prev: 1e+100  Min: 0.0  Max: 1e+100  Default: 1e+100

Gurobi 7.0.1 (linux64, Python) logging started Sun Nov 26 13:14:09 2017

Changed value of parameter TimeLimit to 120.0
   Prev: 1e+100  Min: 0.0  Max: 1e+100  Default: 1e+100

Gurobi 7.0.1 (linux64, Python) logging started Sun Nov 26 13:14:59 2017

Changed value of parameter TimeLimit to 120.0
   Prev: 1e+100  Min: 0.0  Max: 1e+100  Default: 1e+100

Gurobi 7.0.1 (linux64, Python) logging started Sun Nov 26 13:23:04 2017

Changed value of parameter TimeLimit to 120.0
   Prev: 1e+100  Min: 0.0  Max: 1e+100  Default: 1e+100

Gurobi 7.0.1 (linux64, Python) logging started Sun Nov 26 13:24:41 2017

Changed value of parameter TimeLimit to 120.0
   Prev: 1e+100  Min: 0.0  Max: 1e+100  Default: 1e+100

Gurobi 7.0.1 (linux64, Python) logging started Sun Nov 26 13:34:11 2017

Changed value of parameter TimeLimit to 120.0
   Prev: 1e+100  Min: 0.0  Max: 1e+100  Default: 1e+100

Gurobi 7.0.1 (linux64, Python) logging started Sun Nov 26 13:35:03 2017

Changed value of parameter TimeLimit to 120.0
   Prev: 1e+100  Min: 0.0  Max: 1e+100  Default: 1e+100

Gurobi 7.0.1 (linux64, Python) logging started Sun Nov 26 13:36:52 2017

Changed value of parameter TimeLimit to 120.0
   Prev: 1e+100  Min: 0.0  Max: 1e+100  Default: 1e+100

Gurobi 7.0.1 (linux64, Python) logging started Sun Nov 26 13:37:27 2017

Changed value of parameter TimeLimit to 120.0
   Prev: 1e+100  Min: 0.0  Max: 1e+100  Default: 1e+100

Gurobi 7.0.1 (linux64, Python) logging started Sun Nov 26 13:37:54 2017

Changed value of parameter TimeLimit to 120.0
   Prev: 1e+100  Min: 0.0  Max: 1e+100  Default: 1e+100

Gurobi 7.0.1 (linux64, Python) logging started Sun Nov 26 13:38:19 2017

Changed value of parameter TimeLimit to 120.0
   Prev: 1e+100  Min: 0.0  Max: 1e+100  Default: 1e+100

Gurobi 7.0.1 (linux64, Python) logging started Sun Nov 26 13:39:40 2017

Changed value of parameter TimeLimit to 120.0
   Prev: 1e+100  Min: 0.0  Max: 1e+100  Default: 1e+100

Gurobi 7.0.1 (linux64, Python) logging started Sun Nov 26 13:41:26 2017

Changed value of parameter TimeLimit to 120.0
   Prev: 1e+100  Min: 0.0  Max: 1e+100  Default: 1e+100

Gurobi 7.0.1 (linux64, Python) logging started Sun Nov 26 13:43:11 2017

Changed value of parameter TimeLimit to 120.0
   Prev: 1e+100  Min: 0.0  Max: 1e+100  Default: 1e+100

Gurobi 7.0.1 (linux64, Python) logging started Sun Nov 26 13:43:31 2017

Changed value of parameter TimeLimit to 120.0
   Prev: 1e+100  Min: 0.0  Max: 1e+100  Default: 1e+100

Gurobi 7.0.1 (linux64, Python) logging started Sun Nov 26 13:44:15 2017

Changed value of parameter TimeLimit to 120.0
   Prev: 1e+100  Min: 0.0  Max: 1e+100  Default: 1e+100

Gurobi 7.0.1 (linux64, Python) logging started Sun Nov 26 13:44:47 2017

Changed value of parameter TimeLimit to 120.0
   Prev: 1e+100  Min: 0.0  Max: 1e+100  Default: 1e+100

Gurobi 7.0.1 (linux64, Python) logging started Sun Nov 26 13:45:05 2017

Changed value of parameter TimeLimit to 120.0
   Prev: 1e+100  Min: 0.0  Max: 1e+100  Default: 1e+100

Gurobi 7.0.1 (linux64, Python) logging started Sun Nov 26 13:48:15 2017

Changed value of parameter TimeLimit to 120.0
   Prev: 1e+100  Min: 0.0  Max: 1e+100  Default: 1e+100

Gurobi 7.0.1 (linux64, Python) logging started Sun Nov 26 13:48:34 2017

Changed value of parameter TimeLimit to 120.0
   Prev: 1e+100  Min: 0.0  Max: 1e+100  Default: 1e+100

Gurobi 7.0.1 (linux64, Python) logging started Sun Nov 26 13:49:18 2017

Changed value of parameter TimeLimit to 120.0
   Prev: 1e+100  Min: 0.0  Max: 1e+100  Default: 1e+100

Gurobi 7.0.1 (linux64, Python) logging started Sun Nov 26 13:52:02 2017

Changed value of parameter TimeLimit to 120.0
   Prev: 1e+100  Min: 0.0  Max: 1e+100  Default: 1e+100

Gurobi 7.0.1 (linux64, Python) logging started Sun Nov 26 13:52:48 2017

Changed value of parameter TimeLimit to 120.0
   Prev: 1e+100  Min: 0.0  Max: 1e+100  Default: 1e+100

Gurobi 7.0.1 (linux64, Python) logging started Sun Nov 26 13:55:34 2017

Changed value of parameter TimeLimit to 120.0
   Prev: 1e+100  Min: 0.0  Max: 1e+100  Default: 1e+100

Gurobi 7.0.1 (linux64, Python) logging started Sun Nov 26 13:57:42 2017

Changed value of parameter TimeLimit to 120.0
   Prev: 1e+100  Min: 0.0  Max: 1e+100  Default: 1e+100

Gurobi 7.0.1 (linux64, Python) logging started Sun Nov 26 13:58:51 2017

Changed value of parameter TimeLimit to 120.0
   Prev: 1e+100  Min: 0.0  Max: 1e+100  Default: 1e+100

Gurobi 7.0.1 (linux64, Python) logging started Sun Nov 26 14:01:35 2017

Changed value of parameter TimeLimit to 120.0
   Prev: 1e+100  Min: 0.0  Max: 1e+100  Default: 1e+100

Gurobi 7.0.1 (linux64, Python) logging started Sun Nov 26 14:02:59 2017

Changed value of parameter TimeLimit to 120.0
   Prev: 1e+100  Min: 0.0  Max: 1e+100  Default: 1e+100

Gurobi 7.0.1 (linux64, Python) logging started Sun Nov 26 14:03:24 2017

Changed value of parameter TimeLimit to 120.0
   Prev: 1e+100  Min: 0.0  Max: 1e+100  Default: 1e+100

Gurobi 7.0.1 (linux64, Python) logging started Sun Nov 26 14:04:02 2017

Changed value of parameter TimeLimit to 120.0
   Prev: 1e+100  Min: 0.0  Max: 1e+100  Default: 1e+100

Gurobi 7.0.1 (linux64, Python) logging started Sun Nov 26 14:05:47 2017

Changed value of parameter TimeLimit to 120.0
   Prev: 1e+100  Min: 0.0  Max: 1e+100  Default: 1e+100

Gurobi 7.0.1 (linux64, Python) logging started Sun Nov 26 14:06:04 2017

Changed value of parameter TimeLimit to 120.0
   Prev: 1e+100  Min: 0.0  Max: 1e+100  Default: 1e+100

Gurobi 7.0.1 (linux64, Python) logging started Sun Nov 26 14:08:14 2017

Changed value of parameter TimeLimit to 120.0
   Prev: 1e+100  Min: 0.0  Max: 1e+100  Default: 1e+100

Gurobi 7.0.1 (linux64, Python) logging started Sun Nov 26 14:11:32 2017

Changed value of parameter TimeLimit to 120.0
   Prev: 1e+100  Min: 0.0  Max: 1e+100  Default: 1e+100

Gurobi 7.0.1 (linux64, Python) logging started Sun Nov 26 14:12:23 2017

Changed value of parameter TimeLimit to 120.0
   Prev: 1e+100  Min: 0.0  Max: 1e+100  Default: 1e+100

Gurobi 7.0.1 (linux64, Python) logging started Sun Nov 26 14:14:04 2017

Changed value of parameter TimeLimit to 120.0
   Prev: 1e+100  Min: 0.0  Max: 1e+100  Default: 1e+100

Gurobi 7.0.1 (linux64, Python) logging started Sun Nov 26 14:14:28 2017

Changed value of parameter TimeLimit to 120.0
   Prev: 1e+100  Min: 0.0  Max: 1e+100  Default: 1e+100

Gurobi 7.0.1 (linux64, Python) logging started Sun Nov 26 14:14:53 2017

Changed value of parameter TimeLimit to 120.0
   Prev: 1e+100  Min: 0.0  Max: 1e+100  Default: 1e+100

Gurobi 7.0.1 (linux64, Python) logging started Sun Nov 26 14:15:22 2017

Changed value of parameter TimeLimit to 120.0
   Prev: 1e+100  Min: 0.0  Max: 1e+100  Default: 1e+100

Gurobi 7.0.1 (linux64, Python) logging started Sun Nov 26 14:16:01 2017

Changed value of parameter TimeLimit to 120.0
   Prev: 1e+100  Min: 0.0  Max: 1e+100  Default: 1e+100

Gurobi 7.0.1 (linux64, Python) logging started Sun Nov 26 14:17:09 2017

Changed value of parameter TimeLimit to 120.0
   Prev: 1e+100  Min: 0.0  Max: 1e+100  Default: 1e+100

Gurobi 7.0.1 (linux64, Python) logging started Sun Nov 26 14:17:23 2017

Changed value of parameter TimeLimit to 120.0
   Prev: 1e+100  Min: 0.0  Max: 1e+100  Default: 1e+100

Gurobi 7.0.1 (linux64, Python) logging started Sun Nov 26 14:17:32 2017

Changed value of parameter TimeLimit to 120.0
   Prev: 1e+100  Min: 0.0  Max: 1e+100  Default: 1e+100

Gurobi 7.0.1 (linux64, Python) logging started Sun Nov 26 14:17:57 2017

Changed value of parameter TimeLimit to 120.0
   Prev: 1e+100  Min: 0.0  Max: 1e+100  Default: 1e+100

Gurobi 7.0.1 (linux64, Python) logging started Sun Nov 26 14:18:09 2017

Changed value of parameter TimeLimit to 120.0
   Prev: 1e+100  Min: 0.0  Max: 1e+100  Default: 1e+100

Gurobi 7.0.1 (linux64, Python) logging started Sun Nov 26 14:22:35 2017

Changed value of parameter TimeLimit to 120.0
   Prev: 1e+100  Min: 0.0  Max: 1e+100  Default: 1e+100

Gurobi 7.0.1 (linux64, Python) logging started Sun Nov 26 14:24:02 2017

Changed value of parameter TimeLimit to 120.0
   Prev: 1e+100  Min: 0.0  Max: 1e+100  Default: 1e+100

Gurobi 7.0.1 (linux64, Python) logging started Sun Nov 26 14:25:41 2017

Changed value of parameter TimeLimit to 120.0
   Prev: 1e+100  Min: 0.0  Max: 1e+100  Default: 1e+100

Gurobi 7.0.1 (linux64, Python) logging started Sun Nov 26 14:26:30 2017

Changed value of parameter TimeLimit to 120.0
   Prev: 1e+100  Min: 0.0  Max: 1e+100  Default: 1e+100

Gurobi 7.0.1 (linux64, Python) logging started Sun Nov 26 14:27:04 2017

Changed value of parameter TimeLimit to 120.0
   Prev: 1e+100  Min: 0.0  Max: 1e+100  Default: 1e+100

Gurobi 7.0.1 (linux64, Python) logging started Sun Nov 26 14:27:48 2017

Changed value of parameter TimeLimit to 120.0
   Prev: 1e+100  Min: 0.0  Max: 1e+100  Default: 1e+100

Gurobi 7.0.1 (linux64, Python) logging started Sun Nov 26 14:28:22 2017

Changed value of parameter TimeLimit to 120.0
   Prev: 1e+100  Min: 0.0  Max: 1e+100  Default: 1e+100

Gurobi 7.0.1 (linux64, Python) logging started Sun Nov 26 14:29:11 2017

Changed value of parameter TimeLimit to 120.0
   Prev: 1e+100  Min: 0.0  Max: 1e+100  Default: 1e+100

Gurobi 7.0.1 (linux64, Python) logging started Sun Nov 26 14:34:32 2017

Changed value of parameter TimeLimit to 120.0
   Prev: 1e+100  Min: 0.0  Max: 1e+100  Default: 1e+100

Gurobi 7.0.1 (linux64, Python) logging started Sun Nov 26 14:39:12 2017

Changed value of parameter TimeLimit to 120.0
   Prev: 1e+100  Min: 0.0  Max: 1e+100  Default: 1e+100

Gurobi 7.0.1 (linux64, Python) logging started Sun Nov 26 14:39:25 2017

Changed value of parameter TimeLimit to 120.0
   Prev: 1e+100  Min: 0.0  Max: 1e+100  Default: 1e+100

Gurobi 7.0.1 (linux64, Python) logging started Sun Nov 26 14:42:53 2017

Changed value of parameter TimeLimit to 120.0
   Prev: 1e+100  Min: 0.0  Max: 1e+100  Default: 1e+100

Gurobi 7.0.1 (linux64, Python) logging started Sun Nov 26 14:45:35 2017

Changed value of parameter TimeLimit to 120.0
   Prev: 1e+100  Min: 0.0  Max: 1e+100  Default: 1e+100

Gurobi 7.0.1 (linux64, Python) logging started Sun Nov 26 14:46:18 2017

Changed value of parameter TimeLimit to 120.0
   Prev: 1e+100  Min: 0.0  Max: 1e+100  Default: 1e+100

Gurobi 7.0.1 (linux64, Python) logging started Sun Nov 26 14:48:49 2017

Changed value of parameter TimeLimit to 120.0
   Prev: 1e+100  Min: 0.0  Max: 1e+100  Default: 1e+100

Gurobi 7.0.1 (linux64, Python) logging started Sun Nov 26 14:51:34 2017

Changed value of parameter TimeLimit to 120.0
   Prev: 1e+100  Min: 0.0  Max: 1e+100  Default: 1e+100

Gurobi 7.0.1 (linux64, Python) logging started Sun Nov 26 14:52:12 2017

Changed value of parameter TimeLimit to 120.0
   Prev: 1e+100  Min: 0.0  Max: 1e+100  Default: 1e+100

Gurobi 7.0.1 (linux64, Python) logging started Sun Nov 26 14:54:23 2017

Changed value of parameter TimeLimit to 120.0
   Prev: 1e+100  Min: 0.0  Max: 1e+100  Default: 1e+100

Gurobi 7.0.1 (linux64, Python) logging started Sun Nov 26 15:11:30 2017

Changed value of parameter TimeLimit to 120.0
   Prev: 1e+100  Min: 0.0  Max: 1e+100  Default: 1e+100

Gurobi 7.0.1 (linux64, Python) logging started Sun Nov 26 15:13:20 2017

Changed value of parameter TimeLimit to 120.0
   Prev: 1e+100  Min: 0.0  Max: 1e+100  Default: 1e+100

Gurobi 7.0.1 (linux64, Python) logging started Sun Nov 26 15:14:59 2017

Changed value of parameter TimeLimit to 120.0
   Prev: 1e+100  Min: 0.0  Max: 1e+100  Default: 1e+100

Gurobi 7.0.1 (linux64, Python) logging started Sun Nov 26 15:15:36 2017

Changed value of parameter TimeLimit to 120.0
   Prev: 1e+100  Min: 0.0  Max: 1e+100  Default: 1e+100

Gurobi 7.0.1 (linux64, Python) logging started Sun Nov 26 15:19:31 2017

Changed value of parameter TimeLimit to 120.0
   Prev: 1e+100  Min: 0.0  Max: 1e+100  Default: 1e+100

Gurobi 7.0.1 (linux64, Python) logging started Sun Nov 26 15:20:16 2017

Changed value of parameter TimeLimit to 120.0
   Prev: 1e+100  Min: 0.0  Max: 1e+100  Default: 1e+100

Gurobi 7.0.1 (linux64, Python) logging started Sun Nov 26 15:21:48 2017

Changed value of parameter TimeLimit to 120.0
   Prev: 1e+100  Min: 0.0  Max: 1e+100  Default: 1e+100

Gurobi 7.0.1 (linux64, Python) logging started Sun Nov 26 15:22:05 2017

Changed value of parameter TimeLimit to 120.0
   Prev: 1e+100  Min: 0.0  Max: 1e+100  Default: 1e+100

Gurobi 7.0.1 (linux64, Python) logging started Sun Nov 26 15:23:17 2017

Changed value of parameter TimeLimit to 120.0
   Prev: 1e+100  Min: 0.0  Max: 1e+100  Default: 1e+100

Gurobi 7.0.1 (linux64, Python) logging started Sun Nov 26 15:23:58 2017

Changed value of parameter TimeLimit to 120.0
   Prev: 1e+100  Min: 0.0  Max: 1e+100  Default: 1e+100

Gurobi 7.0.1 (linux64, Python) logging started Sun Nov 26 15:25:54 2017

Changed value of parameter TimeLimit to 120.0
   Prev: 1e+100  Min: 0.0  Max: 1e+100  Default: 1e+100

Gurobi 7.0.1 (linux64, Python) logging started Sun Nov 26 15:27:48 2017

Changed value of parameter TimeLimit to 120.0
   Prev: 1e+100  Min: 0.0  Max: 1e+100  Default: 1e+100

Gurobi 7.0.1 (linux64, Python) logging started Sun Nov 26 15:28:14 2017

Changed value of parameter TimeLimit to 120.0
   Prev: 1e+100  Min: 0.0  Max: 1e+100  Default: 1e+100

Gurobi 7.0.1 (linux64, Python) logging started Sun Nov 26 15:28:32 2017

Changed value of parameter TimeLimit to 120.0
   Prev: 1e+100  Min: 0.0  Max: 1e+100  Default: 1e+100

Gurobi 7.0.1 (linux64, Python) logging started Sun Nov 26 15:29:06 2017

Changed value of parameter TimeLimit to 120.0
   Prev: 1e+100  Min: 0.0  Max: 1e+100  Default: 1e+100

Gurobi 7.0.1 (linux64, Python) logging started Sun Nov 26 15:29:34 2017

Changed value of parameter TimeLimit to 120.0
   Prev: 1e+100  Min: 0.0  Max: 1e+100  Default: 1e+100

Gurobi 7.0.1 (linux64, Python) logging started Sun Nov 26 15:32:37 2017

Changed value of parameter TimeLimit to 120.0
   Prev: 1e+100  Min: 0.0  Max: 1e+100  Default: 1e+100

Gurobi 7.0.1 (linux64, Python) logging started Sun Nov 26 15:32:57 2017

Changed value of parameter TimeLimit to 120.0
   Prev: 1e+100  Min: 0.0  Max: 1e+100  Default: 1e+100

Gurobi 7.0.1 (linux64, Python) logging started Sun Nov 26 15:33:12 2017

Changed value of parameter TimeLimit to 120.0
   Prev: 1e+100  Min: 0.0  Max: 1e+100  Default: 1e+100

Gurobi 7.0.1 (linux64, Python) logging started Sun Nov 26 15:33:31 2017

Changed value of parameter TimeLimit to 120.0
   Prev: 1e+100  Min: 0.0  Max: 1e+100  Default: 1e+100

Gurobi 7.0.1 (linux64, Python) logging started Sun Nov 26 15:34:06 2017

Changed value of parameter TimeLimit to 120.0
   Prev: 1e+100  Min: 0.0  Max: 1e+100  Default: 1e+100

Gurobi 7.0.1 (linux64, Python) logging started Sun Nov 26 15:35:14 2017

Changed value of parameter TimeLimit to 120.0
   Prev: 1e+100  Min: 0.0  Max: 1e+100  Default: 1e+100

Gurobi 7.0.1 (linux64, Python) logging started Sun Nov 26 15:35:34 2017

Changed value of parameter TimeLimit to 120.0
   Prev: 1e+100  Min: 0.0  Max: 1e+100  Default: 1e+100

Gurobi 7.0.1 (linux64, Python) logging started Sun Nov 26 15:38:01 2017

Changed value of parameter TimeLimit to 120.0
   Prev: 1e+100  Min: 0.0  Max: 1e+100  Default: 1e+100

Gurobi 7.0.1 (linux64, Python) logging started Sun Nov 26 15:38:23 2017

Changed value of parameter TimeLimit to 120.0
   Prev: 1e+100  Min: 0.0  Max: 1e+100  Default: 1e+100

Gurobi 7.0.1 (linux64, Python) logging started Sun Nov 26 15:39:42 2017

Changed value of parameter TimeLimit to 120.0
   Prev: 1e+100  Min: 0.0  Max: 1e+100  Default: 1e+100

Gurobi 7.0.1 (linux64, Python) logging started Sun Nov 26 15:40:46 2017

Changed value of parameter TimeLimit to 120.0
   Prev: 1e+100  Min: 0.0  Max: 1e+100  Default: 1e+100

Gurobi 7.0.1 (linux64, Python) logging started Sun Nov 26 16:05:00 2017

Changed value of parameter TimeLimit to 120.0
   Prev: 1e+100  Min: 0.0  Max: 1e+100  Default: 1e+100

Gurobi 7.0.1 (linux64, Python) logging started Sun Nov 26 16:06:31 2017

Changed value of parameter TimeLimit to 120.0
   Prev: 1e+100  Min: 0.0  Max: 1e+100  Default: 1e+100

Gurobi 7.0.1 (linux64, Python) logging started Sun Nov 26 16:07:38 2017

Changed value of parameter TimeLimit to 120.0
   Prev: 1e+100  Min: 0.0  Max: 1e+100  Default: 1e+100

Gurobi 7.0.1 (linux64, Python) logging started Sun Nov 26 16:09:12 2017

Changed value of parameter TimeLimit to 120.0
   Prev: 1e+100  Min: 0.0  Max: 1e+100  Default: 1e+100

Gurobi 7.0.1 (linux64, Python) logging started Sun Nov 26 16:10:58 2017

Changed value of parameter TimeLimit to 120.0
   Prev: 1e+100  Min: 0.0  Max: 1e+100  Default: 1e+100

Gurobi 7.0.1 (linux64, Python) logging started Sun Nov 26 16:13:30 2017

Changed value of parameter TimeLimit to 120.0
   Prev: 1e+100  Min: 0.0  Max: 1e+100  Default: 1e+100

Gurobi 7.0.1 (linux64, Python) logging started Sun Nov 26 16:15:50 2017

Changed value of parameter TimeLimit to 120.0
   Prev: 1e+100  Min: 0.0  Max: 1e+100  Default: 1e+100

Gurobi 7.0.1 (linux64, Python) logging started Sun Nov 26 16:28:00 2017

Changed value of parameter TimeLimit to 120.0
   Prev: 1e+100  Min: 0.0  Max: 1e+100  Default: 1e+100

Gurobi 7.0.1 (linux64, Python) logging started Sun Nov 26 16:28:21 2017

Changed value of parameter TimeLimit to 120.0
   Prev: 1e+100  Min: 0.0  Max: 1e+100  Default: 1e+100

Gurobi 7.0.1 (linux64, Python) logging started Sun Nov 26 16:29:25 2017

Changed value of parameter TimeLimit to 120.0
   Prev: 1e+100  Min: 0.0  Max: 1e+100  Default: 1e+100

Gurobi 7.0.1 (linux64, Python) logging started Sun Nov 26 16:29:59 2017

Changed value of parameter TimeLimit to 120.0
   Prev: 1e+100  Min: 0.0  Max: 1e+100  Default: 1e+100

Gurobi 7.0.1 (linux64, Python) logging started Sun Nov 26 16:30:26 2017

Changed value of parameter TimeLimit to 120.0
   Prev: 1e+100  Min: 0.0  Max: 1e+100  Default: 1e+100

Gurobi 7.0.1 (linux64, Python) logging started Sun Nov 26 16:31:35 2017

Changed value of parameter TimeLimit to 120.0
   Prev: 1e+100  Min: 0.0  Max: 1e+100  Default: 1e+100

Gurobi 7.0.1 (linux64, Python) logging started Sun Nov 26 16:33:23 2017

Changed value of parameter TimeLimit to 120.0
   Prev: 1e+100  Min: 0.0  Max: 1e+100  Default: 1e+100

Gurobi 7.0.1 (linux64, Python) logging started Sun Nov 26 16:33:39 2017

Changed value of parameter TimeLimit to 120.0
   Prev: 1e+100  Min: 0.0  Max: 1e+100  Default: 1e+100

Gurobi 7.0.1 (linux64, Python) logging started Sun Nov 26 16:34:49 2017

Changed value of parameter TimeLimit to 120.0
   Prev: 1e+100  Min: 0.0  Max: 1e+100  Default: 1e+100

Gurobi 7.0.1 (linux64, Python) logging started Sun Nov 26 16:35:33 2017

Changed value of parameter TimeLimit to 120.0
   Prev: 1e+100  Min: 0.0  Max: 1e+100  Default: 1e+100

Gurobi 7.0.1 (linux64, Python) logging started Sun Nov 26 16:36:57 2017

Changed value of parameter TimeLimit to 120.0
   Prev: 1e+100  Min: 0.0  Max: 1e+100  Default: 1e+100

Gurobi 7.0.1 (linux64, Python) logging started Sun Nov 26 16:37:56 2017

Changed value of parameter TimeLimit to 120.0
   Prev: 1e+100  Min: 0.0  Max: 1e+100  Default: 1e+100

Gurobi 7.0.1 (linux64, Python) logging started Sun Nov 26 16:38:11 2017

Changed value of parameter TimeLimit to 120.0
   Prev: 1e+100  Min: 0.0  Max: 1e+100  Default: 1e+100

Gurobi 7.0.1 (linux64, Python) logging started Sun Nov 26 16:39:06 2017

Changed value of parameter TimeLimit to 120.0
   Prev: 1e+100  Min: 0.0  Max: 1e+100  Default: 1e+100

Gurobi 7.0.1 (linux64, Python) logging started Sun Nov 26 16:41:22 2017

Changed value of parameter TimeLimit to 120.0
   Prev: 1e+100  Min: 0.0  Max: 1e+100  Default: 1e+100

Gurobi 7.0.1 (linux64, Python) logging started Sun Nov 26 16:44:45 2017

Changed value of parameter TimeLimit to 120.0
   Prev: 1e+100  Min: 0.0  Max: 1e+100  Default: 1e+100

Gurobi 7.0.1 (linux64, Python) logging started Sun Nov 26 16:45:55 2017

Changed value of parameter TimeLimit to 120.0
   Prev: 1e+100  Min: 0.0  Max: 1e+100  Default: 1e+100

Gurobi 7.0.1 (linux64, Python) logging started Sun Nov 26 16:46:57 2017

Changed value of parameter TimeLimit to 120.0
   Prev: 1e+100  Min: 0.0  Max: 1e+100  Default: 1e+100

Gurobi 7.0.1 (linux64, Python) logging started Sun Nov 26 16:47:06 2017

Changed value of parameter TimeLimit to 120.0
   Prev: 1e+100  Min: 0.0  Max: 1e+100  Default: 1e+100

Gurobi 7.0.1 (linux64, Python) logging started Sun Nov 26 16:47:11 2017

Changed value of parameter TimeLimit to 120.0
   Prev: 1e+100  Min: 0.0  Max: 1e+100  Default: 1e+100

Gurobi 7.0.1 (linux64, Python) logging started Sun Nov 26 16:47:37 2017

Changed value of parameter TimeLimit to 120.0
   Prev: 1e+100  Min: 0.0  Max: 1e+100  Default: 1e+100

Gurobi 7.0.1 (linux64, Python) logging started Sun Nov 26 16:47:53 2017

Changed value of parameter TimeLimit to 120.0
   Prev: 1e+100  Min: 0.0  Max: 1e+100  Default: 1e+100

Gurobi 7.0.1 (linux64, Python) logging started Sun Nov 26 16:48:48 2017

Changed value of parameter TimeLimit to 120.0
   Prev: 1e+100  Min: 0.0  Max: 1e+100  Default: 1e+100

Gurobi 7.0.1 (linux64, Python) logging started Sun Nov 26 16:50:39 2017

Changed value of parameter TimeLimit to 120.0
   Prev: 1e+100  Min: 0.0  Max: 1e+100  Default: 1e+100

Gurobi 7.0.1 (linux64, Python) logging started Sun Nov 26 16:51:00 2017

Changed value of parameter TimeLimit to 120.0
   Prev: 1e+100  Min: 0.0  Max: 1e+100  Default: 1e+100

Gurobi 7.0.1 (linux64, Python) logging started Sun Nov 26 17:06:19 2017

Changed value of parameter TimeLimit to 120.0
   Prev: 1e+100  Min: 0.0  Max: 1e+100  Default: 1e+100

Gurobi 7.0.1 (linux64, Python) logging started Sun Nov 26 17:06:42 2017

Changed value of parameter TimeLimit to 120.0
   Prev: 1e+100  Min: 0.0  Max: 1e+100  Default: 1e+100

Gurobi 7.0.1 (linux64, Python) logging started Sun Nov 26 17:07:22 2017

Changed value of parameter TimeLimit to 120.0
   Prev: 1e+100  Min: 0.0  Max: 1e+100  Default: 1e+100

Gurobi 7.0.1 (linux64, Python) logging started Sun Nov 26 17:07:39 2017

Changed value of parameter TimeLimit to 120.0
   Prev: 1e+100  Min: 0.0  Max: 1e+100  Default: 1e+100

Gurobi 7.0.1 (linux64, Python) logging started Sun Nov 26 17:08:04 2017

Changed value of parameter TimeLimit to 120.0
   Prev: 1e+100  Min: 0.0  Max: 1e+100  Default: 1e+100

Gurobi 7.0.1 (linux64, Python) logging started Sun Nov 26 17:09:51 2017

Changed value of parameter TimeLimit to 120.0
   Prev: 1e+100  Min: 0.0  Max: 1e+100  Default: 1e+100

Gurobi 7.0.1 (linux64, Python) logging started Sun Nov 26 17:12:12 2017

Changed value of parameter TimeLimit to 120.0
   Prev: 1e+100  Min: 0.0  Max: 1e+100  Default: 1e+100

Gurobi 7.0.1 (linux64, Python) logging started Sun Nov 26 17:14:15 2017

Changed value of parameter TimeLimit to 120.0
   Prev: 1e+100  Min: 0.0  Max: 1e+100  Default: 1e+100

Gurobi 7.0.1 (linux64, Python) logging started Sun Nov 26 17:15:20 2017

Changed value of parameter TimeLimit to 120.0
   Prev: 1e+100  Min: 0.0  Max: 1e+100  Default: 1e+100

Gurobi 7.0.1 (linux64, Python) logging started Sun Nov 26 17:16:38 2017

Changed value of parameter TimeLimit to 120.0
   Prev: 1e+100  Min: 0.0  Max: 1e+100  Default: 1e+100

Gurobi 7.0.1 (linux64, Python) logging started Sun Nov 26 17:16:58 2017

Changed value of parameter TimeLimit to 120.0
   Prev: 1e+100  Min: 0.0  Max: 1e+100  Default: 1e+100

Gurobi 7.0.1 (linux64, Python) logging started Sun Nov 26 17:17:46 2017

Changed value of parameter TimeLimit to 120.0
   Prev: 1e+100  Min: 0.0  Max: 1e+100  Default: 1e+100

Gurobi 7.0.1 (linux64, Python) logging started Sun Nov 26 17:18:16 2017

Changed value of parameter TimeLimit to 120.0
   Prev: 1e+100  Min: 0.0  Max: 1e+100  Default: 1e+100

Gurobi 7.0.1 (linux64, Python) logging started Sun Nov 26 17:18:41 2017

Changed value of parameter TimeLimit to 120.0
   Prev: 1e+100  Min: 0.0  Max: 1e+100  Default: 1e+100

Gurobi 7.0.1 (linux64, Python) logging started Sun Nov 26 17:19:35 2017

Changed value of parameter TimeLimit to 120.0
   Prev: 1e+100  Min: 0.0  Max: 1e+100  Default: 1e+100

Gurobi 7.0.1 (linux64, Python) logging started Sun Nov 26 17:19:56 2017

Changed value of parameter TimeLimit to 120.0
   Prev: 1e+100  Min: 0.0  Max: 1e+100  Default: 1e+100

Gurobi 7.0.1 (linux64, Python) logging started Sun Nov 26 17:21:06 2017

Changed value of parameter TimeLimit to 120.0
   Prev: 1e+100  Min: 0.0  Max: 1e+100  Default: 1e+100

Gurobi 7.0.1 (linux64, Python) logging started Sun Nov 26 17:21:59 2017

Changed value of parameter TimeLimit to 120.0
   Prev: 1e+100  Min: 0.0  Max: 1e+100  Default: 1e+100

Gurobi 7.0.1 (linux64, Python) logging started Sun Nov 26 17:22:54 2017

Changed value of parameter TimeLimit to 120.0
   Prev: 1e+100  Min: 0.0  Max: 1e+100  Default: 1e+100

Gurobi 7.0.1 (linux64, Python) logging started Sun Nov 26 17:23:30 2017

Changed value of parameter TimeLimit to 120.0
   Prev: 1e+100  Min: 0.0  Max: 1e+100  Default: 1e+100

Gurobi 7.0.1 (linux64, Python) logging started Sun Nov 26 17:24:06 2017

Changed value of parameter TimeLimit to 120.0
   Prev: 1e+100  Min: 0.0  Max: 1e+100  Default: 1e+100

Gurobi 7.0.1 (linux64, Python) logging started Sun Nov 26 17:25:28 2017

Changed value of parameter TimeLimit to 120.0
   Prev: 1e+100  Min: 0.0  Max: 1e+100  Default: 1e+100

Gurobi 7.0.1 (linux64, Python) logging started Sun Nov 26 17:25:54 2017

Changed value of parameter TimeLimit to 120.0
   Prev: 1e+100  Min: 0.0  Max: 1e+100  Default: 1e+100

Gurobi 7.0.1 (linux64, Python) logging started Sun Nov 26 17:26:25 2017

Changed value of parameter TimeLimit to 120.0
   Prev: 1e+100  Min: 0.0  Max: 1e+100  Default: 1e+100

Gurobi 7.0.1 (linux64, Python) logging started Sun Nov 26 17:26:48 2017

Changed value of parameter TimeLimit to 120.0
   Prev: 1e+100  Min: 0.0  Max: 1e+100  Default: 1e+100

Gurobi 7.0.1 (linux64, Python) logging started Sun Nov 26 17:27:08 2017

Changed value of parameter TimeLimit to 120.0
   Prev: 1e+100  Min: 0.0  Max: 1e+100  Default: 1e+100

Gurobi 7.0.1 (linux64, Python) logging started Sun Nov 26 17:35:03 2017

Changed value of parameter TimeLimit to 120.0
   Prev: 1e+100  Min: 0.0  Max: 1e+100  Default: 1e+100

Gurobi 7.0.1 (linux64, Python) logging started Sun Nov 26 17:35:21 2017

Changed value of parameter TimeLimit to 120.0
   Prev: 1e+100  Min: 0.0  Max: 1e+100  Default: 1e+100

Gurobi 7.0.1 (linux64, Python) logging started Sun Nov 26 17:38:46 2017

Changed value of parameter TimeLimit to 120.0
   Prev: 1e+100  Min: 0.0  Max: 1e+100  Default: 1e+100

Gurobi 7.0.1 (linux64, Python) logging started Sun Nov 26 17:39:24 2017

Changed value of parameter TimeLimit to 120.0
   Prev: 1e+100  Min: 0.0  Max: 1e+100  Default: 1e+100

Gurobi 7.0.1 (linux64, Python) logging started Sun Nov 26 17:39:38 2017

Changed value of parameter TimeLimit to 120.0
   Prev: 1e+100  Min: 0.0  Max: 1e+100  Default: 1e+100

Gurobi 7.0.1 (linux64, Python) logging started Sun Nov 26 17:40:51 2017

Changed value of parameter TimeLimit to 120.0
   Prev: 1e+100  Min: 0.0  Max: 1e+100  Default: 1e+100

Gurobi 7.0.1 (linux64, Python) logging started Sun Nov 26 17:41:22 2017

Changed value of parameter TimeLimit to 120.0
   Prev: 1e+100  Min: 0.0  Max: 1e+100  Default: 1e+100

Gurobi 7.0.1 (linux64, Python) logging started Sun Nov 26 17:41:46 2017

Changed value of parameter TimeLimit to 120.0
   Prev: 1e+100  Min: 0.0  Max: 1e+100  Default: 1e+100

Gurobi 7.0.1 (linux64, Python) logging started Sun Nov 26 17:42:06 2017

Changed value of parameter TimeLimit to 120.0
   Prev: 1e+100  Min: 0.0  Max: 1e+100  Default: 1e+100

Gurobi 7.0.1 (linux64, Python) logging started Sun Nov 26 17:42:22 2017

Changed value of parameter TimeLimit to 120.0
   Prev: 1e+100  Min: 0.0  Max: 1e+100  Default: 1e+100

Gurobi 7.0.1 (linux64, Python) logging started Sun Nov 26 17:43:13 2017

Changed value of parameter TimeLimit to 120.0
   Prev: 1e+100  Min: 0.0  Max: 1e+100  Default: 1e+100

Gurobi 7.0.1 (linux64, Python) logging started Sun Nov 26 17:43:31 2017

Changed value of parameter TimeLimit to 120.0
   Prev: 1e+100  Min: 0.0  Max: 1e+100  Default: 1e+100

Gurobi 7.0.1 (linux64, Python) logging started Sun Nov 26 17:43:41 2017

Changed value of parameter TimeLimit to 120.0
   Prev: 1e+100  Min: 0.0  Max: 1e+100  Default: 1e+100

Gurobi 7.0.1 (linux64, Python) logging started Sun Nov 26 17:44:34 2017

Changed value of parameter TimeLimit to 120.0
   Prev: 1e+100  Min: 0.0  Max: 1e+100  Default: 1e+100

Gurobi 7.0.1 (linux64, Python) logging started Sun Nov 26 17:45:08 2017

Changed value of parameter TimeLimit to 120.0
   Prev: 1e+100  Min: 0.0  Max: 1e+100  Default: 1e+100

Gurobi 7.0.1 (linux64, Python) logging started Sun Nov 26 18:06:55 2017

Changed value of parameter TimeLimit to 120.0
   Prev: 1e+100  Min: 0.0  Max: 1e+100  Default: 1e+100

Gurobi 7.0.1 (linux64, Python) logging started Sun Nov 26 18:10:16 2017

Changed value of parameter TimeLimit to 120.0
   Prev: 1e+100  Min: 0.0  Max: 1e+100  Default: 1e+100

Gurobi 7.0.1 (linux64, Python) logging started Sun Nov 26 18:11:31 2017

Changed value of parameter TimeLimit to 120.0
   Prev: 1e+100  Min: 0.0  Max: 1e+100  Default: 1e+100

Gurobi 7.0.1 (linux64, Python) logging started Sun Nov 26 18:12:02 2017

Changed value of parameter TimeLimit to 120.0
   Prev: 1e+100  Min: 0.0  Max: 1e+100  Default: 1e+100

Gurobi 7.0.1 (linux64, Python) logging started Sun Nov 26 18:13:33 2017

Changed value of parameter TimeLimit to 120.0
   Prev: 1e+100  Min: 0.0  Max: 1e+100  Default: 1e+100

Gurobi 7.0.1 (linux64, Python) logging started Sun Nov 26 18:14:12 2017

Changed value of parameter TimeLimit to 120.0
   Prev: 1e+100  Min: 0.0  Max: 1e+100  Default: 1e+100

Gurobi 7.0.1 (linux64, Python) logging started Sun Nov 26 18:14:40 2017

Changed value of parameter TimeLimit to 120.0
   Prev: 1e+100  Min: 0.0  Max: 1e+100  Default: 1e+100

Gurobi 7.0.1 (linux64, Python) logging started Sun Nov 26 18:15:48 2017

Changed value of parameter TimeLimit to 120.0
   Prev: 1e+100  Min: 0.0  Max: 1e+100  Default: 1e+100

Gurobi 7.0.1 (linux64, Python) logging started Sun Nov 26 18:17:17 2017

Changed value of parameter TimeLimit to 120.0
   Prev: 1e+100  Min: 0.0  Max: 1e+100  Default: 1e+100

Gurobi 7.0.1 (linux64, Python) logging started Sun Nov 26 18:19:16 2017

Changed value of parameter TimeLimit to 120.0
   Prev: 1e+100  Min: 0.0  Max: 1e+100  Default: 1e+100

Gurobi 7.0.1 (linux64, Python) logging started Sun Nov 26 18:20:51 2017

Changed value of parameter TimeLimit to 120.0
   Prev: 1e+100  Min: 0.0  Max: 1e+100  Default: 1e+100

Gurobi 7.0.1 (linux64, Python) logging started Sun Nov 26 18:21:45 2017

Changed value of parameter TimeLimit to 120.0
   Prev: 1e+100  Min: 0.0  Max: 1e+100  Default: 1e+100

Gurobi 7.0.1 (linux64, Python) logging started Sun Nov 26 18:24:14 2017

Changed value of parameter TimeLimit to 120.0
   Prev: 1e+100  Min: 0.0  Max: 1e+100  Default: 1e+100

Gurobi 7.0.1 (linux64, Python) logging started Sun Nov 26 18:24:48 2017

Changed value of parameter TimeLimit to 120.0
   Prev: 1e+100  Min: 0.0  Max: 1e+100  Default: 1e+100

Gurobi 7.0.1 (linux64, Python) logging started Sun Nov 26 18:25:10 2017

Changed value of parameter TimeLimit to 120.0
   Prev: 1e+100  Min: 0.0  Max: 1e+100  Default: 1e+100

Gurobi 7.0.1 (linux64, Python) logging started Sun Nov 26 18:28:30 2017

Changed value of parameter TimeLimit to 120.0
   Prev: 1e+100  Min: 0.0  Max: 1e+100  Default: 1e+100

Gurobi 7.0.1 (linux64, Python) logging started Sun Nov 26 18:28:54 2017

Changed value of parameter TimeLimit to 120.0
   Prev: 1e+100  Min: 0.0  Max: 1e+100  Default: 1e+100

Gurobi 7.0.1 (linux64, Python) logging started Sun Nov 26 18:30:12 2017

Changed value of parameter TimeLimit to 120.0
   Prev: 1e+100  Min: 0.0  Max: 1e+100  Default: 1e+100

Gurobi 7.0.1 (linux64, Python) logging started Sun Nov 26 18:30:37 2017

Changed value of parameter TimeLimit to 120.0
   Prev: 1e+100  Min: 0.0  Max: 1e+100  Default: 1e+100

Gurobi 7.0.1 (linux64, Python) logging started Sun Nov 26 18:30:50 2017

Changed value of parameter TimeLimit to 120.0
   Prev: 1e+100  Min: 0.0  Max: 1e+100  Default: 1e+100

Gurobi 7.0.1 (linux64, Python) logging started Sun Nov 26 18:32:58 2017

Changed value of parameter TimeLimit to 120.0
   Prev: 1e+100  Min: 0.0  Max: 1e+100  Default: 1e+100

Gurobi 7.0.1 (linux64, Python) logging started Sun Nov 26 18:33:29 2017

Changed value of parameter TimeLimit to 120.0
   Prev: 1e+100  Min: 0.0  Max: 1e+100  Default: 1e+100

Gurobi 7.0.1 (linux64, Python) logging started Sun Nov 26 18:41:41 2017

Changed value of parameter TimeLimit to 120.0
   Prev: 1e+100  Min: 0.0  Max: 1e+100  Default: 1e+100

Gurobi 7.0.1 (linux64, Python) logging started Sun Nov 26 18:42:40 2017

Changed value of parameter TimeLimit to 120.0
   Prev: 1e+100  Min: 0.0  Max: 1e+100  Default: 1e+100

Gurobi 7.0.1 (linux64, Python) logging started Sun Nov 26 18:43:27 2017

Changed value of parameter TimeLimit to 120.0
   Prev: 1e+100  Min: 0.0  Max: 1e+100  Default: 1e+100

Gurobi 7.0.1 (linux64, Python) logging started Sun Nov 26 18:44:18 2017

Changed value of parameter TimeLimit to 120.0
   Prev: 1e+100  Min: 0.0  Max: 1e+100  Default: 1e+100

Gurobi 7.0.1 (linux64, Python) logging started Sun Nov 26 18:44:46 2017

Changed value of parameter TimeLimit to 120.0
   Prev: 1e+100  Min: 0.0  Max: 1e+100  Default: 1e+100

Gurobi 7.0.1 (linux64, Python) logging started Sun Nov 26 18:48:33 2017

Changed value of parameter TimeLimit to 120.0
   Prev: 1e+100  Min: 0.0  Max: 1e+100  Default: 1e+100

Gurobi 7.0.1 (linux64, Python) logging started Sun Nov 26 18:49:31 2017

Changed value of parameter TimeLimit to 120.0
   Prev: 1e+100  Min: 0.0  Max: 1e+100  Default: 1e+100

Gurobi 7.0.1 (linux64, Python) logging started Sun Nov 26 18:49:42 2017

Changed value of parameter TimeLimit to 120.0
   Prev: 1e+100  Min: 0.0  Max: 1e+100  Default: 1e+100

Gurobi 7.0.1 (linux64, Python) logging started Sun Nov 26 18:51:17 2017

Changed value of parameter TimeLimit to 120.0
   Prev: 1e+100  Min: 0.0  Max: 1e+100  Default: 1e+100

Gurobi 7.0.1 (linux64, Python) logging started Sun Nov 26 18:52:36 2017

Changed value of parameter TimeLimit to 120.0
   Prev: 1e+100  Min: 0.0  Max: 1e+100  Default: 1e+100

Gurobi 7.0.1 (linux64, Python) logging started Sun Nov 26 19:03:25 2017

Changed value of parameter TimeLimit to 120.0
   Prev: 1e+100  Min: 0.0  Max: 1e+100  Default: 1e+100

Gurobi 7.0.1 (linux64, Python) logging started Sun Nov 26 19:05:33 2017

Changed value of parameter TimeLimit to 120.0
   Prev: 1e+100  Min: 0.0  Max: 1e+100  Default: 1e+100

Gurobi 7.0.1 (linux64, Python) logging started Sun Nov 26 19:06:19 2017

Changed value of parameter TimeLimit to 120.0
   Prev: 1e+100  Min: 0.0  Max: 1e+100  Default: 1e+100

Gurobi 7.0.1 (linux64, Python) logging started Sun Nov 26 19:07:46 2017

Changed value of parameter TimeLimit to 120.0
   Prev: 1e+100  Min: 0.0  Max: 1e+100  Default: 1e+100

Gurobi 7.0.1 (linux64, Python) logging started Sun Nov 26 19:16:07 2017

Changed value of parameter TimeLimit to 120.0
   Prev: 1e+100  Min: 0.0  Max: 1e+100  Default: 1e+100

Gurobi 7.0.1 (linux64, Python) logging started Sun Nov 26 20:25:46 2017

Changed value of parameter TimeLimit to 120.0
   Prev: 1e+100  Min: 0.0  Max: 1e+100  Default: 1e+100

Gurobi 7.0.1 (linux64, Python) logging started Wed Nov 29 13:25:30 2017

Changed value of parameter TimeLimit to 120.0
   Prev: 1e+100  Min: 0.0  Max: 1e+100  Default: 1e+100

Gurobi 7.0.1 (linux64, Python) logging started Wed Nov 29 13:25:59 2017

Changed value of parameter TimeLimit to 120.0
   Prev: 1e+100  Min: 0.0  Max: 1e+100  Default: 1e+100

Gurobi 7.0.1 (linux64, Python) logging started Wed Nov 29 13:56:51 2017

Changed value of parameter TimeLimit to 120.0
   Prev: 1e+100  Min: 0.0  Max: 1e+100  Default: 1e+100

Gurobi 7.0.1 (linux64, Python) logging started Wed Nov 29 13:56:59 2017

Changed value of parameter TimeLimit to 120.0
   Prev: 1e+100  Min: 0.0  Max: 1e+100  Default: 1e+100

Gurobi 7.0.1 (linux64, Python) logging started Wed Nov 29 13:58:56 2017

Changed value of parameter TimeLimit to 120.0
   Prev: 1e+100  Min: 0.0  Max: 1e+100  Default: 1e+100

Gurobi 7.0.1 (linux64, Python) logging started Wed Nov 29 13:59:03 2017

Changed value of parameter TimeLimit to 120.0
   Prev: 1e+100  Min: 0.0  Max: 1e+100  Default: 1e+100

Gurobi 7.0.1 (linux64, Python) logging started Wed Nov 29 13:59:09 2017

Changed value of parameter TimeLimit to 120.0
   Prev: 1e+100  Min: 0.0  Max: 1e+100  Default: 1e+100

Gurobi 7.0.1 (linux64, Python) logging started Wed Nov 29 14:00:43 2017

Changed value of parameter TimeLimit to 120.0
   Prev: 1e+100  Min: 0.0  Max: 1e+100  Default: 1e+100

Gurobi 7.0.1 (linux64, Python) logging started Wed Nov 29 14:01:36 2017

Changed value of parameter TimeLimit to 120.0
   Prev: 1e+100  Min: 0.0  Max: 1e+100  Default: 1e+100

Gurobi 7.0.1 (linux64, Python) logging started Wed Nov 29 14:05:08 2017

Changed value of parameter TimeLimit to 120.0
   Prev: 1e+100  Min: 0.0  Max: 1e+100  Default: 1e+100

Gurobi 7.0.1 (linux64, Python) logging started Wed Nov 29 14:08:32 2017

Changed value of parameter TimeLimit to 120.0
   Prev: 1e+100  Min: 0.0  Max: 1e+100  Default: 1e+100

Gurobi 7.0.1 (linux64, Python) logging started Wed Nov 29 14:10:34 2017

Changed value of parameter TimeLimit to 120.0
   Prev: 1e+100  Min: 0.0  Max: 1e+100  Default: 1e+100

Gurobi 7.0.1 (linux64, Python) logging started Wed Nov 29 14:15:02 2017

Changed value of parameter TimeLimit to 120.0
   Prev: 1e+100  Min: 0.0  Max: 1e+100  Default: 1e+100

Gurobi 7.0.1 (linux64, Python) logging started Wed Nov 29 14:15:15 2017

Changed value of parameter TimeLimit to 120.0
   Prev: 1e+100  Min: 0.0  Max: 1e+100  Default: 1e+100

Gurobi 7.0.1 (linux64, Python) logging started Wed Nov 29 14:16:29 2017

Changed value of parameter TimeLimit to 120.0
   Prev: 1e+100  Min: 0.0  Max: 1e+100  Default: 1e+100

Gurobi 7.0.1 (linux64, Python) logging started Wed Nov 29 14:33:17 2017

Changed value of parameter TimeLimit to 120.0
   Prev: 1e+100  Min: 0.0  Max: 1e+100  Default: 1e+100

Gurobi 7.0.1 (linux64, Python) logging started Wed Nov 29 14:39:01 2017

Changed value of parameter TimeLimit to 120.0
   Prev: 1e+100  Min: 0.0  Max: 1e+100  Default: 1e+100

Gurobi 7.0.1 (linux64, Python) logging started Wed Nov 29 14:55:53 2017

Changed value of parameter TimeLimit to 120.0
   Prev: 1e+100  Min: 0.0  Max: 1e+100  Default: 1e+100

Gurobi 7.0.1 (linux64, Python) logging started Wed Nov 29 15:03:05 2017

Changed value of parameter TimeLimit to 120.0
   Prev: 1e+100  Min: 0.0  Max: 1e+100  Default: 1e+100

Gurobi 7.0.1 (linux64, Python) logging started Wed Nov 29 15:03:21 2017

Changed value of parameter TimeLimit to 120.0
   Prev: 1e+100  Min: 0.0  Max: 1e+100  Default: 1e+100

Gurobi 7.0.1 (linux64, Python) logging started Wed Nov 29 15:11:37 2017

Changed value of parameter TimeLimit to 120.0
   Prev: 1e+100  Min: 0.0  Max: 1e+100  Default: 1e+100

Gurobi 7.0.1 (linux64, Python) logging started Wed Nov 29 15:11:49 2017

Changed value of parameter TimeLimit to 120.0
   Prev: 1e+100  Min: 0.0  Max: 1e+100  Default: 1e+100

Gurobi 7.0.1 (linux64, Python) logging started Wed Nov 29 15:12:15 2017

Changed value of parameter TimeLimit to 120.0
   Prev: 1e+100  Min: 0.0  Max: 1e+100  Default: 1e+100

Gurobi 7.0.1 (linux64, Python) logging started Wed Nov 29 15:12:27 2017

Changed value of parameter TimeLimit to 120.0
   Prev: 1e+100  Min: 0.0  Max: 1e+100  Default: 1e+100

Gurobi 7.0.1 (linux64, Python) logging started Wed Nov 29 15:15:24 2017

Changed value of parameter TimeLimit to 120.0
   Prev: 1e+100  Min: 0.0  Max: 1e+100  Default: 1e+100

Gurobi 7.0.1 (linux64, Python) logging started Wed Nov 29 15:20:00 2017

Changed value of parameter TimeLimit to 120.0
   Prev: 1e+100  Min: 0.0  Max: 1e+100  Default: 1e+100

Gurobi 7.0.1 (linux64, Python) logging started Wed Nov 29 15:22:38 2017

Changed value of parameter TimeLimit to 120.0
   Prev: 1e+100  Min: 0.0  Max: 1e+100  Default: 1e+100

Gurobi 7.0.1 (linux64, Python) logging started Wed Nov 29 15:22:46 2017

Changed value of parameter TimeLimit to 120.0
   Prev: 1e+100  Min: 0.0  Max: 1e+100  Default: 1e+100

Gurobi 7.0.1 (linux64, Python) logging started Wed Nov 29 15:24:43 2017

Changed value of parameter TimeLimit to 120.0
   Prev: 1e+100  Min: 0.0  Max: 1e+100  Default: 1e+100

Gurobi 7.0.1 (linux64, Python) logging started Wed Nov 29 15:36:01 2017

Changed value of parameter TimeLimit to 120.0
   Prev: 1e+100  Min: 0.0  Max: 1e+100  Default: 1e+100

Gurobi 7.0.1 (linux64, Python) logging started Wed Nov 29 15:37:11 2017

Changed value of parameter TimeLimit to 120.0
   Prev: 1e+100  Min: 0.0  Max: 1e+100  Default: 1e+100
