\BOOKMARK [1][-]{section.1}{Premi\350re mod\351lisation du probl\350me}{}% 1
\BOOKMARK [2][-]{subsection.1.1}{Question 1}{section.1}% 2
\BOOKMARK [2][-]{subsection.1.2}{Question 2}{section.1}% 3
\BOOKMARK [2][-]{subsection.1.3}{Question 3}{section.1}% 4
\BOOKMARK [1][-]{section.2}{Approche \351galitariste}{}% 5
\BOOKMARK [2][-]{subsection.2.1}{Question 4}{section.2}% 6
\BOOKMARK [3][-]{subsubsection.2.1.1}{Description du graphe : }{subsection.2.1}% 7
\BOOKMARK [3][-]{subsubsection.2.1.2}{Justification de la construction du graphe}{subsection.2.1}% 8
\BOOKMARK [3][-]{subsubsection.2.1.3}{Description de l'algorithme : }{subsection.2.1}% 9
\BOOKMARK [2][-]{subsection.2.2}{Question 5}{section.2}% 10
\BOOKMARK [2][-]{subsection.2.3}{Question 6}{section.2}% 11
\BOOKMARK [2][-]{subsection.2.4}{Question 7}{section.2}% 12
\BOOKMARK [2][-]{subsection.2.5}{Question 8}{section.2}% 13
\BOOKMARK [3][-]{subsubsection.2.5.1}{Mod\351lisation de P2}{subsection.2.5}% 14
\BOOKMARK [3][-]{subsubsection.2.5.2}{Comparaison de P1 avec P2}{subsection.2.5}% 15
\BOOKMARK [1][-]{section.3}{Approche \351galitariste en regrets}{}% 16
\BOOKMARK [2][-]{subsection.3.1}{Question 9}{section.3}% 17
\BOOKMARK [3][-]{subsubsection.3.1.1}{Mod\351lisation de P3}{subsection.3.1}% 18
\BOOKMARK [2][-]{subsection.3.2}{Question 10}{section.3}% 19
\BOOKMARK [3][-]{subsubsection.3.2.1}{Description de l'algorithme :}{subsection.3.2}% 20
\BOOKMARK [2][-]{subsection.3.3}{Question 11}{section.3}% 21
\BOOKMARK [1][-]{section.4}{Extension \340 l'affectation multiple}{}% 22
\BOOKMARK [2][-]{subsection.4.1}{Question 12}{section.4}% 23
\BOOKMARK [3][-]{subsubsection.4.1.1}{Approche par programmation lin\351aire}{subsection.4.1}% 24
\BOOKMARK [3][-]{subsubsection.4.1.2}{Approche par graphe}{subsection.4.1}% 25
\BOOKMARK [1][-]{section.5}{Allocation \351quitable avec l'op\351rateur OWA}{}% 26
\BOOKMARK [2][-]{subsection.5.1}{Question 13}{section.5}% 27
\BOOKMARK [2][-]{subsection.5.2}{Question 14}{section.5}% 28
\BOOKMARK [2][-]{subsection.5.3}{Question 15}{section.5}% 29
\BOOKMARK [2][-]{subsection.5.4}{Question 16}{section.5}% 30
\BOOKMARK [2][-]{subsection.5.5}{Comparaison du mod\350le OWA avec P0}{section.5}% 31
